<?xml version="1.0" encoding="UTF-8"?>
<testsuite name="com.example.customersupport.integration.OpenAiChatControllerTest" tests="1" skipped="0" failures="0" errors="0" timestamp="2024-09-15T23:31:35" hostname="MBP-von-Antonij.fritz.box" time="0.472">
  <properties/>
  <testcase name="testRegistrationController()" classname="com.example.customersupport.integration.OpenAiChatControllerTest" time="0.472"/>
  <system-out><![CDATA[01:31:30.112 [Test worker] INFO org.springframework.boot.test.context.SpringBootTestContextBootstrapper -- Found @SpringBootConfiguration com.example.customersupport.CustomerSupportServiceApplication for test class com.example.customersupport.integration.OpenAiChatControllerTest

  .   ____          _            __ _ _
 /\\ / ___'_ __ _ _(_)_ __  __ _ \ \ \ \
( ( )\___ | '_ | '_| | '_ \/ _` | \ \ \ \
 \\/  ___)| |_)| | | | | || (_| |  ) ) ) )
  '  |____| .__|_| |_|_| |_\__, | / / / /
 =========|_|==============|___/=/_/_/_/

 :: Spring Boot ::                (v3.3.3)

2024-09-16T01:31:30.286+02:00  WARN 5978 --- [    Test worker] ory$DuplicateJsonObjectContextCustomizer : 

Found multiple occurrences of org.json.JSONObject on the class path:

	jar:file:/Users/antonii/.gradle/caches/modules-2/files-2.1/com.vaadin.external.google/android-json/0.0.20131108.vaadin1/fa26d351fe62a6a17f5cda1287c1c6110dec413f/android-json-0.0.20131108.vaadin1.jar!/org/json/JSONObject.class
	jar:file:/Users/antonii/.gradle/caches/modules-2/files-2.1/org.json/json/20240303/ebb88e8fb5122b7506d5cf1d69f1ccdb790d22a/json-20240303.jar!/org/json/JSONObject.class

You may wish to exclude one of them to ensure predictable runtime behavior

2024-09-16T01:31:30.288+02:00  INFO 5978 --- [    Test worker] m.p.springdotenv.DotenvPropertySource    : Initializing Dotenv with DotenvConfig{directory=null, filename=null, ignoreIfMalformed=false, ignoreIfMissing=true, systemProperties=false, prefix=null}
2024-09-16T01:31:30.297+02:00  INFO 5978 --- [    Test worker] c.e.c.i.OpenAiChatControllerTest         : Starting OpenAiChatControllerTest using Java 17.0.8.1 with PID 5978 (started by antonii in /Users/antonii/Development/Customer-Support-Service/backend)
2024-09-16T01:31:30.298+02:00  INFO 5978 --- [    Test worker] c.e.c.i.OpenAiChatControllerTest         : No active profile set, falling back to 1 default profile: "default"
2024-09-16T01:31:30.780+02:00  INFO 5978 --- [    Test worker] .s.d.r.c.RepositoryConfigurationDelegate : Multiple Spring Data modules found, entering strict repository configuration mode
2024-09-16T01:31:30.781+02:00  INFO 5978 --- [    Test worker] .s.d.r.c.RepositoryConfigurationDelegate : Bootstrapping Spring Data JPA repositories in DEFAULT mode.
2024-09-16T01:31:30.844+02:00  INFO 5978 --- [    Test worker] .RepositoryConfigurationExtensionSupport : Spring Data JPA - Could not safely identify store assignment for repository candidate interface com.example.customersupport.repository.ConversationRepository; If you want this repository to be a JPA repository, consider annotating your entities with one of these annotations: jakarta.persistence.Entity, jakarta.persistence.MappedSuperclass (preferred), or consider extending one of the following types with your repository: org.springframework.data.jpa.repository.JpaRepository
2024-09-16T01:31:30.854+02:00  INFO 5978 --- [    Test worker] .s.d.r.c.RepositoryConfigurationDelegate : Finished Spring Data repository scanning in 68 ms. Found 4 JPA repository interfaces.
2024-09-16T01:31:30.864+02:00  INFO 5978 --- [    Test worker] .s.d.r.c.RepositoryConfigurationDelegate : Multiple Spring Data modules found, entering strict repository configuration mode
2024-09-16T01:31:30.864+02:00  INFO 5978 --- [    Test worker] .s.d.r.c.RepositoryConfigurationDelegate : Bootstrapping Spring Data MongoDB repositories in DEFAULT mode.
2024-09-16T01:31:30.867+02:00  INFO 5978 --- [    Test worker] .RepositoryConfigurationExtensionSupport : Spring Data MongoDB - Could not safely identify store assignment for repository candidate interface com.example.customersupport.repository.AuthGrantedAuthorityRepository; If you want this repository to be a MongoDB repository, consider annotating your entities with one of these annotations: org.springframework.data.mongodb.core.mapping.Document (preferred), or consider extending one of the following types with your repository: org.springframework.data.mongodb.repository.MongoRepository
2024-09-16T01:31:30.868+02:00  INFO 5978 --- [    Test worker] .RepositoryConfigurationExtensionSupport : Spring Data MongoDB - Could not safely identify store assignment for repository candidate interface com.example.customersupport.repository.ClientRepository; If you want this repository to be a MongoDB repository, consider annotating your entities with one of these annotations: org.springframework.data.mongodb.core.mapping.Document (preferred), or consider extending one of the following types with your repository: org.springframework.data.mongodb.repository.MongoRepository
2024-09-16T01:31:30.869+02:00  INFO 5978 --- [    Test worker] .RepositoryConfigurationExtensionSupport : Spring Data MongoDB - Could not safely identify store assignment for repository candidate interface com.example.customersupport.repository.CorporationRepository; If you want this repository to be a MongoDB repository, consider annotating your entities with one of these annotations: org.springframework.data.mongodb.core.mapping.Document (preferred), or consider extending one of the following types with your repository: org.springframework.data.mongodb.repository.MongoRepository
2024-09-16T01:31:30.869+02:00  INFO 5978 --- [    Test worker] .RepositoryConfigurationExtensionSupport : Spring Data MongoDB - Could not safely identify store assignment for repository candidate interface com.example.customersupport.repository.FAQRepository; If you want this repository to be a MongoDB repository, consider annotating your entities with one of these annotations: org.springframework.data.mongodb.core.mapping.Document (preferred), or consider extending one of the following types with your repository: org.springframework.data.mongodb.repository.MongoRepository
2024-09-16T01:31:30.872+02:00  INFO 5978 --- [    Test worker] .s.d.r.c.RepositoryConfigurationDelegate : Finished Spring Data repository scanning in 7 ms. Found 1 MongoDB repository interface.
2024-09-16T01:31:30.877+02:00  INFO 5978 --- [    Test worker] .s.d.r.c.RepositoryConfigurationDelegate : Multiple Spring Data modules found, entering strict repository configuration mode
2024-09-16T01:31:30.878+02:00  INFO 5978 --- [    Test worker] .s.d.r.c.RepositoryConfigurationDelegate : Bootstrapping Spring Data Redis repositories in DEFAULT mode.
2024-09-16T01:31:30.883+02:00  INFO 5978 --- [    Test worker] .RepositoryConfigurationExtensionSupport : Spring Data Redis - Could not safely identify store assignment for repository candidate interface com.example.customersupport.repository.AuthGrantedAuthorityRepository; If you want this repository to be a Redis repository, consider annotating your entities with one of these annotations: org.springframework.data.redis.core.RedisHash (preferred), or consider extending one of the following types with your repository: org.springframework.data.keyvalue.repository.KeyValueRepository
2024-09-16T01:31:30.883+02:00  INFO 5978 --- [    Test worker] .RepositoryConfigurationExtensionSupport : Spring Data Redis - Could not safely identify store assignment for repository candidate interface com.example.customersupport.repository.ClientRepository; If you want this repository to be a Redis repository, consider annotating your entities with one of these annotations: org.springframework.data.redis.core.RedisHash (preferred), or consider extending one of the following types with your repository: org.springframework.data.keyvalue.repository.KeyValueRepository
2024-09-16T01:31:30.883+02:00  INFO 5978 --- [    Test worker] .RepositoryConfigurationExtensionSupport : Spring Data Redis - Could not safely identify store assignment for repository candidate interface com.example.customersupport.repository.ConversationRepository; If you want this repository to be a Redis repository, consider annotating your entities with one of these annotations: org.springframework.data.redis.core.RedisHash (preferred), or consider extending one of the following types with your repository: org.springframework.data.keyvalue.repository.KeyValueRepository
2024-09-16T01:31:30.883+02:00  INFO 5978 --- [    Test worker] .RepositoryConfigurationExtensionSupport : Spring Data Redis - Could not safely identify store assignment for repository candidate interface com.example.customersupport.repository.CorporationRepository; If you want this repository to be a Redis repository, consider annotating your entities with one of these annotations: org.springframework.data.redis.core.RedisHash (preferred), or consider extending one of the following types with your repository: org.springframework.data.keyvalue.repository.KeyValueRepository
2024-09-16T01:31:30.884+02:00  INFO 5978 --- [    Test worker] .RepositoryConfigurationExtensionSupport : Spring Data Redis - Could not safely identify store assignment for repository candidate interface com.example.customersupport.repository.FAQRepository; If you want this repository to be a Redis repository, consider annotating your entities with one of these annotations: org.springframework.data.redis.core.RedisHash (preferred), or consider extending one of the following types with your repository: org.springframework.data.keyvalue.repository.KeyValueRepository
2024-09-16T01:31:30.884+02:00  INFO 5978 --- [    Test worker] .s.d.r.c.RepositoryConfigurationDelegate : Finished Spring Data repository scanning in 2 ms. Found 0 Redis repository interfaces.
2024-09-16T01:31:31.103+02:00  INFO 5978 --- [    Test worker] tc.mongo:latest                          : Creating container for image: mongo:latest
2024-09-16T01:31:31.103+02:00  WARN 5978 --- [    Test worker] tc.mongo:latest                          : Reuse was requested but the environment does not support the reuse of containers
To enable reuse of containers, you must set 'testcontainers.reuse.enable=true' in a file located at /Users/antonii/.testcontainers.properties
2024-09-16T01:31:31.134+02:00  INFO 5978 --- [    Test worker] tc.mongo:latest                          : Container mongo:latest is starting: b3fc03e2937389e7057bbec4b859fd40265cc7c4a7d56fa74981051fe470b0d4
2024-09-16T01:31:32.034+02:00  INFO 5978 --- [    Test worker] tc.mongo:latest                          : Container mongo:latest started in PT0.931772S
2024-09-16T01:31:32.710+02:00  INFO 5978 --- [    Test worker] tc.redis:latest                          : Creating container for image: redis:latest
2024-09-16T01:31:32.710+02:00  WARN 5978 --- [    Test worker] tc.redis:latest                          : Reuse was requested but the environment does not support the reuse of containers
To enable reuse of containers, you must set 'testcontainers.reuse.enable=true' in a file located at /Users/antonii/.testcontainers.properties
2024-09-16T01:31:32.734+02:00  INFO 5978 --- [    Test worker] tc.redis:latest                          : Container redis:latest is starting: a6698b624906639059427e2f84dda8a633a17cd83ba12831f11ba369a0aed8a5
2024-09-16T01:31:32.920+02:00  INFO 5978 --- [    Test worker] tc.redis:latest                          : Container redis:latest started in PT0.210335S
2024-09-16T01:31:32.920+02:00  INFO 5978 --- [    Test worker] tc.postgres:latest                       : Creating container for image: postgres:latest
2024-09-16T01:31:32.920+02:00  WARN 5978 --- [    Test worker] tc.postgres:latest                       : Reuse was requested but the environment does not support the reuse of containers
To enable reuse of containers, you must set 'testcontainers.reuse.enable=true' in a file located at /Users/antonii/.testcontainers.properties
2024-09-16T01:31:32.961+02:00  INFO 5978 --- [    Test worker] tc.postgres:latest                       : Container postgres:latest is starting: 154d1c44f88465bde9c96b2e845c3e8c9a751712d7288757a5b5da1e1a621c79
2024-09-16T01:31:33.768+02:00  INFO 5978 --- [    Test worker] tc.postgres:latest                       : Container postgres:latest started in PT0.847668S
2024-09-16T01:31:33.770+02:00  INFO 5978 --- [    Test worker] tc.postgres:latest                       : Container is started (JDBC URL: jdbc:postgresql://localhost:51011/test?loggerLevel=OFF)
2024-09-16T01:31:33.849+02:00  INFO 5978 --- [    Test worker] o.hibernate.jpa.internal.util.LogHelper  : HHH000204: Processing PersistenceUnitInfo [name: default]
2024-09-16T01:31:33.869+02:00  INFO 5978 --- [    Test worker] org.hibernate.Version                    : HHH000412: Hibernate ORM core version 6.5.2.Final
2024-09-16T01:31:33.882+02:00  INFO 5978 --- [    Test worker] o.h.c.internal.RegionFactoryInitiator    : HHH000026: Second-level cache disabled
2024-09-16T01:31:34.003+02:00  INFO 5978 --- [    Test worker] o.s.o.j.p.SpringPersistenceUnitInfo      : No LoadTimeWeaver setup: ignoring JPA class transformer
2024-09-16T01:31:34.015+02:00  INFO 5978 --- [    Test worker] com.zaxxer.hikari.HikariDataSource       : HikariPool-1 - Starting...
2024-09-16T01:31:34.109+02:00  INFO 5978 --- [    Test worker] com.zaxxer.hikari.pool.HikariPool        : HikariPool-1 - Added connection org.postgresql.jdbc.PgConnection@5ed463b7
2024-09-16T01:31:34.110+02:00  INFO 5978 --- [    Test worker] com.zaxxer.hikari.HikariDataSource       : HikariPool-1 - Start completed.
2024-09-16T01:31:34.130+02:00  WARN 5978 --- [    Test worker] org.hibernate.orm.deprecation            : HHH90000025: PostgreSQLDialect does not need to be specified explicitly using 'hibernate.dialect' (remove the property setting and it will be selected by default)
2024-09-16T01:31:34.562+02:00  INFO 5978 --- [    Test worker] o.h.e.t.j.p.i.JtaPlatformInitiator       : HHH000489: No JTA platform available (set 'hibernate.transaction.jta.platform' to enable JTA platform integration)
2024-09-16T01:31:34.594+02:00  WARN 5978 --- [    Test worker] o.h.engine.jdbc.spi.SqlExceptionHelper   : SQL Warning Code: 0, SQLState: 00000
2024-09-16T01:31:34.594+02:00  WARN 5978 --- [    Test worker] o.h.engine.jdbc.spi.SqlExceptionHelper   : constraint "ukc6nmjl2u2a4ackegw991cd3m1" of relation "client_conversations" does not exist, skipping
2024-09-16T01:31:34.595+02:00  WARN 5978 --- [    Test worker] o.h.engine.jdbc.spi.SqlExceptionHelper   : SQL Warning Code: 0, SQLState: 00000
2024-09-16T01:31:34.595+02:00  WARN 5978 --- [    Test worker] o.h.engine.jdbc.spi.SqlExceptionHelper   : constraint "ukh3xsojn5cqg53gxyi16rf851h" of relation "clients" does not exist, skipping
2024-09-16T01:31:34.597+02:00  WARN 5978 --- [    Test worker] o.h.engine.jdbc.spi.SqlExceptionHelper   : SQL Warning Code: 0, SQLState: 00000
2024-09-16T01:31:34.597+02:00  WARN 5978 --- [    Test worker] o.h.engine.jdbc.spi.SqlExceptionHelper   : constraint "ukciko4rsk4byvkwiewuptj7ryw" of relation "corporations" does not exist, skipping
2024-09-16T01:31:34.598+02:00  WARN 5978 --- [    Test worker] o.h.engine.jdbc.spi.SqlExceptionHelper   : SQL Warning Code: 0, SQLState: 00000
2024-09-16T01:31:34.598+02:00  WARN 5978 --- [    Test worker] o.h.engine.jdbc.spi.SqlExceptionHelper   : constraint "ukl0b2dqqe49vnhygtxnem0pao8" of relation "corporations" does not exist, skipping
2024-09-16T01:31:34.600+02:00  WARN 5978 --- [    Test worker] o.h.engine.jdbc.spi.SqlExceptionHelper   : SQL Warning Code: 0, SQLState: 00000
2024-09-16T01:31:34.600+02:00  WARN 5978 --- [    Test worker] o.h.engine.jdbc.spi.SqlExceptionHelper   : constraint "uknsqriq0m8qpk9qecuj9dc2gjb" of relation "corporations_clients" does not exist, skipping
2024-09-16T01:31:34.607+02:00  INFO 5978 --- [    Test worker] j.LocalContainerEntityManagerFactoryBean : Initialized JPA EntityManagerFactory for persistence unit 'default'
2024-09-16T01:31:34.828+02:00  INFO 5978 --- [    Test worker] org.mongodb.driver.client                : MongoClient with metadata {"driver": {"name": "mongo-java-driver|sync|spring-boot", "version": "5.0.1"}, "os": {"type": "Darwin", "name": "Mac OS X", "architecture": "aarch64", "version": "14.5"}, "platform": "Java/Eclipse Adoptium/17.0.8.1+1"} created with settings MongoClientSettings{readPreference=primary, writeConcern=WriteConcern{w=null, wTimeout=null ms, journal=null}, retryWrites=true, retryReads=true, readConcern=ReadConcern{level=null}, credential=null, transportSettings=null, commandListeners=[], codecRegistry=ProvidersCodecRegistry{codecProviders=[ValueCodecProvider{}, BsonValueCodecProvider{}, DBRefCodecProvider{}, DBObjectCodecProvider{}, DocumentCodecProvider{}, CollectionCodecProvider{}, IterableCodecProvider{}, MapCodecProvider{}, GeoJsonCodecProvider{}, GridFSFileCodecProvider{}, Jsr310CodecProvider{}, JsonObjectCodecProvider{}, BsonCodecProvider{}, EnumCodecProvider{}, com.mongodb.client.model.mql.ExpressionCodecProvider@164dfad2, com.mongodb.Jep395RecordCodecProvider@76480730, com.mongodb.KotlinCodecProvider@405a296e]}, loggerSettings=LoggerSettings{maxDocumentLength=1000}, clusterSettings={hosts=[localhost:51009], srvServiceName=mongodb, mode=SINGLE, requiredClusterType=UNKNOWN, requiredReplicaSetName='null', serverSelector='null', clusterListeners='[]', serverSelectionTimeout='30000 ms', localThreshold='15 ms'}, socketSettings=SocketSettings{connectTimeoutMS=10000, readTimeoutMS=0, receiveBufferSize=0, proxySettings=ProxySettings{host=null, port=null, username=null, password=null}}, heartbeatSocketSettings=SocketSettings{connectTimeoutMS=10000, readTimeoutMS=10000, receiveBufferSize=0, proxySettings=ProxySettings{host=null, port=null, username=null, password=null}}, connectionPoolSettings=ConnectionPoolSettings{maxSize=100, minSize=0, maxWaitTimeMS=120000, maxConnectionLifeTimeMS=0, maxConnectionIdleTimeMS=0, maintenanceInitialDelayMS=0, maintenanceFrequencyMS=60000, connectionPoolListeners=[], maxConnecting=2}, serverSettings=ServerSettings{heartbeatFrequencyMS=10000, minHeartbeatFrequencyMS=500, serverListeners='[]', serverMonitorListeners='[]'}, sslSettings=SslSettings{enabled=false, invalidHostNameAllowed=false, context=null}, applicationName='null', compressorList=[], uuidRepresentation=JAVA_LEGACY, serverApi=null, autoEncryptionSettings=null, dnsClient=null, inetAddressResolver=null, contextProvider=null}
2024-09-16T01:31:34.841+02:00  INFO 5978 --- [localhost:51009] org.mongodb.driver.cluster               : Monitor thread successfully connected to server with description ServerDescription{address=localhost:51009, type=REPLICA_SET_PRIMARY, state=CONNECTED, ok=true, minWireVersion=0, maxWireVersion=21, maxDocumentSize=16777216, logicalSessionTimeoutMinutes=30, roundTripTimeNanos=13530875, setName='docker-rs', canonicalAddress=b3fc03e29373:27017, hosts=[b3fc03e29373:27017], passives=[], arbiters=[], primary='b3fc03e29373:27017', tagSet=TagSet{[]}, electionId=7fffffff0000000000000001, setVersion=1, topologyVersion=TopologyVersion{processId=66e76e531e0fa6a4d2bf3d8e, counter=6}, lastWriteDate=Mon Sep 16 01:31:32 CEST 2024, lastUpdateTimeNanos=4562859230833}
2024-09-16T01:31:35.370+02:00  WARN 5978 --- [    Test worker] JpaBaseConfiguration$JpaWebConfiguration : spring.jpa.open-in-view is enabled by default. Therefore, database queries may be performed during view rendering. Explicitly configure spring.jpa.open-in-view to disable this warning
2024-09-16T01:31:35.380+02:00  INFO 5978 --- [    Test worker] r$InitializeUserDetailsManagerConfigurer : Global AuthenticationManager configured with UserDetailsService bean with name jpaCorporationDetailsService
2024-09-16T01:31:35.702+02:00  INFO 5978 --- [    Test worker] o.s.b.t.m.w.SpringBootMockServletContext : Initializing Spring TestDispatcherServlet ''
2024-09-16T01:31:35.702+02:00  INFO 5978 --- [    Test worker] o.s.t.web.servlet.TestDispatcherServlet  : Initializing Servlet ''
2024-09-16T01:31:35.703+02:00  INFO 5978 --- [    Test worker] o.s.t.web.servlet.TestDispatcherServlet  : Completed initialization in 1 ms
2024-09-16T01:31:35.741+02:00  INFO 5978 --- [    Test worker] c.e.c.i.OpenAiChatControllerTest         : Started OpenAiChatControllerTest in 5.563 seconds (process running for 6.745)
Updated or deleted conversations older than 0 hours at 2024-09-16T01:31:35.786002
Deleted closed conversations older than 30 days at 2024-09-16T01:31:35.789794
]]></system-out>
  <system-err><![CDATA[]]></system-err>
</testsuite>
