<?xml version="1.0" encoding="UTF-8"?>
<testsuite name="com.example.customersupport.mock.ConversationServiceTest" tests="1" skipped="0" failures="0" errors="0" timestamp="2024-09-15T20:25:45" hostname="MBP-von-Antonij.fritz.box" time="0.326">
  <properties/>
  <testcase name="testOpenConversation()" classname="com.example.customersupport.mock.ConversationServiceTest" time="0.326"/>
  <system-out><![CDATA[]]></system-out>
  <system-err><![CDATA[]]></system-err>
</testsuite>
