<?xml version="1.0" encoding="UTF-8"?>
<testsuite name="com.example.customersupport.integration.OpenAiChatControllerTest" tests="1" skipped="0" failures="0" errors="0" timestamp="2024-09-16T00:30:42" hostname="MBP-von-Antonij.fritz.box" time="0.493">
  <properties/>
  <testcase name="testRegistrationController()" classname="com.example.customersupport.integration.OpenAiChatControllerTest" time="0.493"/>
  <system-out><![CDATA[02:30:36.426 [Test worker] INFO org.springframework.boot.test.context.SpringBootTestContextBootstrapper -- Found @SpringBootConfiguration com.example.customersupport.CustomerSupportServiceApplication for test class com.example.customersupport.integration.OpenAiChatControllerTest

  .   ____          _            __ _ _
 /\\ / ___'_ __ _ _(_)_ __  __ _ \ \ \ \
( ( )\___ | '_ | '_| | '_ \/ _` | \ \ \ \
 \\/  ___)| |_)| | | | | || (_| |  ) ) ) )
  '  |____| .__|_| |_|_| |_\__, | / / / /
 =========|_|==============|___/=/_/_/_/

 :: Spring Boot ::                (v3.3.3)

2024-09-16T02:30:36.593+02:00  WARN 2085 --- [    Test worker] ory$DuplicateJsonObjectContextCustomizer : 

Found multiple occurrences of org.json.JSONObject on the class path:

	jar:file:/Users/antonii/.gradle/caches/modules-2/files-2.1/com.vaadin.external.google/android-json/0.0.20131108.vaadin1/fa26d351fe62a6a17f5cda1287c1c6110dec413f/android-json-0.0.20131108.vaadin1.jar!/org/json/JSONObject.class
	jar:file:/Users/antonii/.gradle/caches/modules-2/files-2.1/org.json/json/20240303/ebb88e8fb5122b7506d5cf1d69f1ccdb790d22a/json-20240303.jar!/org/json/JSONObject.class

You may wish to exclude one of them to ensure predictable runtime behavior

2024-09-16T02:30:36.596+02:00  INFO 2085 --- [    Test worker] m.p.springdotenv.DotenvPropertySource    : Initializing Dotenv with DotenvConfig{directory=null, filename=null, ignoreIfMalformed=false, ignoreIfMissing=true, systemProperties=false, prefix=null}
2024-09-16T02:30:36.602+02:00  INFO 2085 --- [    Test worker] c.e.c.i.OpenAiChatControllerTest         : Starting OpenAiChatControllerTest using Java 17.0.8.1 with PID 2085 (started by antonii in /Users/antonii/Development/Customer-Support-Service/backend)
2024-09-16T02:30:36.602+02:00  INFO 2085 --- [    Test worker] c.e.c.i.OpenAiChatControllerTest         : No active profile set, falling back to 1 default profile: "default"
2024-09-16T02:30:37.073+02:00  INFO 2085 --- [    Test worker] .s.d.r.c.RepositoryConfigurationDelegate : Multiple Spring Data modules found, entering strict repository configuration mode
2024-09-16T02:30:37.074+02:00  INFO 2085 --- [    Test worker] .s.d.r.c.RepositoryConfigurationDelegate : Bootstrapping Spring Data JPA repositories in DEFAULT mode.
2024-09-16T02:30:37.135+02:00  INFO 2085 --- [    Test worker] .RepositoryConfigurationExtensionSupport : Spring Data JPA - Could not safely identify store assignment for repository candidate interface com.example.customersupport.repository.ConversationRepository; If you want this repository to be a JPA repository, consider annotating your entities with one of these annotations: jakarta.persistence.Entity, jakarta.persistence.MappedSuperclass (preferred), or consider extending one of the following types with your repository: org.springframework.data.jpa.repository.JpaRepository
2024-09-16T02:30:37.146+02:00  INFO 2085 --- [    Test worker] .s.d.r.c.RepositoryConfigurationDelegate : Finished Spring Data repository scanning in 68 ms. Found 4 JPA repository interfaces.
2024-09-16T02:30:37.158+02:00  INFO 2085 --- [    Test worker] .s.d.r.c.RepositoryConfigurationDelegate : Multiple Spring Data modules found, entering strict repository configuration mode
2024-09-16T02:30:37.159+02:00  INFO 2085 --- [    Test worker] .s.d.r.c.RepositoryConfigurationDelegate : Bootstrapping Spring Data MongoDB repositories in DEFAULT mode.
2024-09-16T02:30:37.162+02:00  INFO 2085 --- [    Test worker] .RepositoryConfigurationExtensionSupport : Spring Data MongoDB - Could not safely identify store assignment for repository candidate interface com.example.customersupport.repository.AuthGrantedAuthorityRepository; If you want this repository to be a MongoDB repository, consider annotating your entities with one of these annotations: org.springframework.data.mongodb.core.mapping.Document (preferred), or consider extending one of the following types with your repository: org.springframework.data.mongodb.repository.MongoRepository
2024-09-16T02:30:37.163+02:00  INFO 2085 --- [    Test worker] .RepositoryConfigurationExtensionSupport : Spring Data MongoDB - Could not safely identify store assignment for repository candidate interface com.example.customersupport.repository.ClientRepository; If you want this repository to be a MongoDB repository, consider annotating your entities with one of these annotations: org.springframework.data.mongodb.core.mapping.Document (preferred), or consider extending one of the following types with your repository: org.springframework.data.mongodb.repository.MongoRepository
2024-09-16T02:30:37.163+02:00  INFO 2085 --- [    Test worker] .RepositoryConfigurationExtensionSupport : Spring Data MongoDB - Could not safely identify store assignment for repository candidate interface com.example.customersupport.repository.CorporationRepository; If you want this repository to be a MongoDB repository, consider annotating your entities with one of these annotations: org.springframework.data.mongodb.core.mapping.Document (preferred), or consider extending one of the following types with your repository: org.springframework.data.mongodb.repository.MongoRepository
2024-09-16T02:30:37.163+02:00  INFO 2085 --- [    Test worker] .RepositoryConfigurationExtensionSupport : Spring Data MongoDB - Could not safely identify store assignment for repository candidate interface com.example.customersupport.repository.FAQRepository; If you want this repository to be a MongoDB repository, consider annotating your entities with one of these annotations: org.springframework.data.mongodb.core.mapping.Document (preferred), or consider extending one of the following types with your repository: org.springframework.data.mongodb.repository.MongoRepository
2024-09-16T02:30:37.166+02:00  INFO 2085 --- [    Test worker] .s.d.r.c.RepositoryConfigurationDelegate : Finished Spring Data repository scanning in 7 ms. Found 1 MongoDB repository interface.
2024-09-16T02:30:37.170+02:00  INFO 2085 --- [    Test worker] .s.d.r.c.RepositoryConfigurationDelegate : Multiple Spring Data modules found, entering strict repository configuration mode
2024-09-16T02:30:37.171+02:00  INFO 2085 --- [    Test worker] .s.d.r.c.RepositoryConfigurationDelegate : Bootstrapping Spring Data Redis repositories in DEFAULT mode.
2024-09-16T02:30:37.177+02:00  INFO 2085 --- [    Test worker] .RepositoryConfigurationExtensionSupport : Spring Data Redis - Could not safely identify store assignment for repository candidate interface com.example.customersupport.repository.AuthGrantedAuthorityRepository; If you want this repository to be a Redis repository, consider annotating your entities with one of these annotations: org.springframework.data.redis.core.RedisHash (preferred), or consider extending one of the following types with your repository: org.springframework.data.keyvalue.repository.KeyValueRepository
2024-09-16T02:30:37.177+02:00  INFO 2085 --- [    Test worker] .RepositoryConfigurationExtensionSupport : Spring Data Redis - Could not safely identify store assignment for repository candidate interface com.example.customersupport.repository.ClientRepository; If you want this repository to be a Redis repository, consider annotating your entities with one of these annotations: org.springframework.data.redis.core.RedisHash (preferred), or consider extending one of the following types with your repository: org.springframework.data.keyvalue.repository.KeyValueRepository
2024-09-16T02:30:37.177+02:00  INFO 2085 --- [    Test worker] .RepositoryConfigurationExtensionSupport : Spring Data Redis - Could not safely identify store assignment for repository candidate interface com.example.customersupport.repository.ConversationRepository; If you want this repository to be a Redis repository, consider annotating your entities with one of these annotations: org.springframework.data.redis.core.RedisHash (preferred), or consider extending one of the following types with your repository: org.springframework.data.keyvalue.repository.KeyValueRepository
2024-09-16T02:30:37.177+02:00  INFO 2085 --- [    Test worker] .RepositoryConfigurationExtensionSupport : Spring Data Redis - Could not safely identify store assignment for repository candidate interface com.example.customersupport.repository.CorporationRepository; If you want this repository to be a Redis repository, consider annotating your entities with one of these annotations: org.springframework.data.redis.core.RedisHash (preferred), or consider extending one of the following types with your repository: org.springframework.data.keyvalue.repository.KeyValueRepository
2024-09-16T02:30:37.178+02:00  INFO 2085 --- [    Test worker] .RepositoryConfigurationExtensionSupport : Spring Data Redis - Could not safely identify store assignment for repository candidate interface com.example.customersupport.repository.FAQRepository; If you want this repository to be a Redis repository, consider annotating your entities with one of these annotations: org.springframework.data.redis.core.RedisHash (preferred), or consider extending one of the following types with your repository: org.springframework.data.keyvalue.repository.KeyValueRepository
2024-09-16T02:30:37.178+02:00  INFO 2085 --- [    Test worker] .s.d.r.c.RepositoryConfigurationDelegate : Finished Spring Data repository scanning in 3 ms. Found 0 Redis repository interfaces.
2024-09-16T02:30:37.389+02:00  INFO 2085 --- [    Test worker] tc.mongo:latest                          : Creating container for image: mongo:latest
2024-09-16T02:30:37.389+02:00  WARN 2085 --- [    Test worker] tc.mongo:latest                          : Reuse was requested but the environment does not support the reuse of containers
To enable reuse of containers, you must set 'testcontainers.reuse.enable=true' in a file located at /Users/antonii/.testcontainers.properties
2024-09-16T02:30:37.416+02:00  INFO 2085 --- [    Test worker] tc.mongo:latest                          : Container mongo:latest is starting: ae7767141f769f10669b414aea507bce257b849d42fd8558339e9384f8deac7f
2024-09-16T02:30:38.267+02:00  INFO 2085 --- [    Test worker] tc.mongo:latest                          : Container mongo:latest started in PT0.878335S
2024-09-16T02:30:38.869+02:00  INFO 2085 --- [    Test worker] tc.redis:latest                          : Creating container for image: redis:latest
2024-09-16T02:30:38.870+02:00  WARN 2085 --- [    Test worker] tc.redis:latest                          : Reuse was requested but the environment does not support the reuse of containers
To enable reuse of containers, you must set 'testcontainers.reuse.enable=true' in a file located at /Users/antonii/.testcontainers.properties
2024-09-16T02:30:38.891+02:00  INFO 2085 --- [    Test worker] tc.redis:latest                          : Container redis:latest is starting: 220b127b234b6641dd0313d29503ac219cd61d74b8fc58078abdef5049fc234d
2024-09-16T02:30:39.007+02:00  INFO 2085 --- [    Test worker] tc.redis:latest                          : Container redis:latest started in PT0.138199S
2024-09-16T02:30:39.007+02:00  INFO 2085 --- [    Test worker] tc.postgres:latest                       : Creating container for image: postgres:latest
2024-09-16T02:30:39.008+02:00  WARN 2085 --- [    Test worker] tc.postgres:latest                       : Reuse was requested but the environment does not support the reuse of containers
To enable reuse of containers, you must set 'testcontainers.reuse.enable=true' in a file located at /Users/antonii/.testcontainers.properties
2024-09-16T02:30:39.043+02:00  INFO 2085 --- [    Test worker] tc.postgres:latest                       : Container postgres:latest is starting: 85b42bd86d66269449bb806eaaa2ed33f54da775e96d39521e40913cbb7d5cea
2024-09-16T02:30:39.801+02:00  INFO 2085 --- [    Test worker] tc.postgres:latest                       : Container postgres:latest started in PT0.794065S
2024-09-16T02:30:39.803+02:00  INFO 2085 --- [    Test worker] tc.postgres:latest                       : Container is started (JDBC URL: jdbc:postgresql://localhost:49872/test?loggerLevel=OFF)
2024-09-16T02:30:39.881+02:00  INFO 2085 --- [    Test worker] o.hibernate.jpa.internal.util.LogHelper  : HHH000204: Processing PersistenceUnitInfo [name: default]
2024-09-16T02:30:39.903+02:00  INFO 2085 --- [    Test worker] org.hibernate.Version                    : HHH000412: Hibernate ORM core version 6.5.2.Final
2024-09-16T02:30:39.916+02:00  INFO 2085 --- [    Test worker] o.h.c.internal.RegionFactoryInitiator    : HHH000026: Second-level cache disabled
2024-09-16T02:30:40.043+02:00  INFO 2085 --- [    Test worker] o.s.o.j.p.SpringPersistenceUnitInfo      : No LoadTimeWeaver setup: ignoring JPA class transformer
2024-09-16T02:30:40.053+02:00  INFO 2085 --- [    Test worker] com.zaxxer.hikari.HikariDataSource       : HikariPool-1 - Starting...
2024-09-16T02:30:40.145+02:00  INFO 2085 --- [    Test worker] com.zaxxer.hikari.pool.HikariPool        : HikariPool-1 - Added connection org.postgresql.jdbc.PgConnection@1fc4b8d6
2024-09-16T02:30:40.146+02:00  INFO 2085 --- [    Test worker] com.zaxxer.hikari.HikariDataSource       : HikariPool-1 - Start completed.
2024-09-16T02:30:40.162+02:00  WARN 2085 --- [    Test worker] org.hibernate.orm.deprecation            : HHH90000025: PostgreSQLDialect does not need to be specified explicitly using 'hibernate.dialect' (remove the property setting and it will be selected by default)
2024-09-16T02:30:40.609+02:00  INFO 2085 --- [    Test worker] o.h.e.t.j.p.i.JtaPlatformInitiator       : HHH000489: No JTA platform available (set 'hibernate.transaction.jta.platform' to enable JTA platform integration)
2024-09-16T02:30:40.641+02:00  WARN 2085 --- [    Test worker] o.h.engine.jdbc.spi.SqlExceptionHelper   : SQL Warning Code: 0, SQLState: 00000
2024-09-16T02:30:40.641+02:00  WARN 2085 --- [    Test worker] o.h.engine.jdbc.spi.SqlExceptionHelper   : constraint "ukc6nmjl2u2a4ackegw991cd3m1" of relation "client_conversations" does not exist, skipping
2024-09-16T02:30:40.643+02:00  WARN 2085 --- [    Test worker] o.h.engine.jdbc.spi.SqlExceptionHelper   : SQL Warning Code: 0, SQLState: 00000
2024-09-16T02:30:40.643+02:00  WARN 2085 --- [    Test worker] o.h.engine.jdbc.spi.SqlExceptionHelper   : constraint "ukh3xsojn5cqg53gxyi16rf851h" of relation "clients" does not exist, skipping
2024-09-16T02:30:40.644+02:00  WARN 2085 --- [    Test worker] o.h.engine.jdbc.spi.SqlExceptionHelper   : SQL Warning Code: 0, SQLState: 00000
2024-09-16T02:30:40.644+02:00  WARN 2085 --- [    Test worker] o.h.engine.jdbc.spi.SqlExceptionHelper   : constraint "ukciko4rsk4byvkwiewuptj7ryw" of relation "corporations" does not exist, skipping
2024-09-16T02:30:40.645+02:00  WARN 2085 --- [    Test worker] o.h.engine.jdbc.spi.SqlExceptionHelper   : SQL Warning Code: 0, SQLState: 00000
2024-09-16T02:30:40.645+02:00  WARN 2085 --- [    Test worker] o.h.engine.jdbc.spi.SqlExceptionHelper   : constraint "ukl0b2dqqe49vnhygtxnem0pao8" of relation "corporations" does not exist, skipping
2024-09-16T02:30:40.647+02:00  WARN 2085 --- [    Test worker] o.h.engine.jdbc.spi.SqlExceptionHelper   : SQL Warning Code: 0, SQLState: 00000
2024-09-16T02:30:40.647+02:00  WARN 2085 --- [    Test worker] o.h.engine.jdbc.spi.SqlExceptionHelper   : constraint "uknsqriq0m8qpk9qecuj9dc2gjb" of relation "corporations_clients" does not exist, skipping
2024-09-16T02:30:40.653+02:00  INFO 2085 --- [    Test worker] j.LocalContainerEntityManagerFactoryBean : Initialized JPA EntityManagerFactory for persistence unit 'default'
2024-09-16T02:30:40.868+02:00  INFO 2085 --- [    Test worker] org.mongodb.driver.client                : MongoClient with metadata {"driver": {"name": "mongo-java-driver|sync|spring-boot", "version": "5.0.1"}, "os": {"type": "Darwin", "name": "Mac OS X", "architecture": "aarch64", "version": "14.5"}, "platform": "Java/Eclipse Adoptium/17.0.8.1+1"} created with settings MongoClientSettings{readPreference=primary, writeConcern=WriteConcern{w=null, wTimeout=null ms, journal=null}, retryWrites=true, retryReads=true, readConcern=ReadConcern{level=null}, credential=null, transportSettings=null, commandListeners=[], codecRegistry=ProvidersCodecRegistry{codecProviders=[ValueCodecProvider{}, BsonValueCodecProvider{}, DBRefCodecProvider{}, DBObjectCodecProvider{}, DocumentCodecProvider{}, CollectionCodecProvider{}, IterableCodecProvider{}, MapCodecProvider{}, GeoJsonCodecProvider{}, GridFSFileCodecProvider{}, Jsr310CodecProvider{}, JsonObjectCodecProvider{}, BsonCodecProvider{}, EnumCodecProvider{}, com.mongodb.client.model.mql.ExpressionCodecProvider@6d4bdb75, com.mongodb.Jep395RecordCodecProvider@1dc47df3, com.mongodb.KotlinCodecProvider@256a25a8]}, loggerSettings=LoggerSettings{maxDocumentLength=1000}, clusterSettings={hosts=[localhost:49869], srvServiceName=mongodb, mode=SINGLE, requiredClusterType=UNKNOWN, requiredReplicaSetName='null', serverSelector='null', clusterListeners='[]', serverSelectionTimeout='30000 ms', localThreshold='15 ms'}, socketSettings=SocketSettings{connectTimeoutMS=10000, readTimeoutMS=0, receiveBufferSize=0, proxySettings=ProxySettings{host=null, port=null, username=null, password=null}}, heartbeatSocketSettings=SocketSettings{connectTimeoutMS=10000, readTimeoutMS=10000, receiveBufferSize=0, proxySettings=ProxySettings{host=null, port=null, username=null, password=null}}, connectionPoolSettings=ConnectionPoolSettings{maxSize=100, minSize=0, maxWaitTimeMS=120000, maxConnectionLifeTimeMS=0, maxConnectionIdleTimeMS=0, maintenanceInitialDelayMS=0, maintenanceFrequencyMS=60000, connectionPoolListeners=[], maxConnecting=2}, serverSettings=ServerSettings{heartbeatFrequencyMS=10000, minHeartbeatFrequencyMS=500, serverListeners='[]', serverMonitorListeners='[]'}, sslSettings=SslSettings{enabled=false, invalidHostNameAllowed=false, context=null}, applicationName='null', compressorList=[], uuidRepresentation=JAVA_LEGACY, serverApi=null, autoEncryptionSettings=null, dnsClient=null, inetAddressResolver=null, contextProvider=null}
2024-09-16T02:30:40.880+02:00  INFO 2085 --- [localhost:49869] org.mongodb.driver.cluster               : Monitor thread successfully connected to server with description ServerDescription{address=localhost:49869, type=REPLICA_SET_PRIMARY, state=CONNECTED, ok=true, minWireVersion=0, maxWireVersion=21, maxDocumentSize=16777216, logicalSessionTimeoutMinutes=30, roundTripTimeNanos=12573875, setName='docker-rs', canonicalAddress=ae7767141f76:27017, hosts=[ae7767141f76:27017], passives=[], arbiters=[], primary='ae7767141f76:27017', tagSet=TagSet{[]}, electionId=7fffffff0000000000000001, setVersion=1, topologyVersion=TopologyVersion{processId=66e77c2decd57bedb2cd5508, counter=6}, lastWriteDate=Mon Sep 16 02:30:38 CEST 2024, lastUpdateTimeNanos=1086166955333}
2024-09-16T02:30:41.414+02:00  WARN 2085 --- [    Test worker] JpaBaseConfiguration$JpaWebConfiguration : spring.jpa.open-in-view is enabled by default. Therefore, database queries may be performed during view rendering. Explicitly configure spring.jpa.open-in-view to disable this warning
2024-09-16T02:30:41.425+02:00  INFO 2085 --- [    Test worker] r$InitializeUserDetailsManagerConfigurer : Global AuthenticationManager configured with UserDetailsService bean with name jpaCorporationDetailsService
2024-09-16T02:30:41.770+02:00  INFO 2085 --- [    Test worker] o.s.b.t.m.w.SpringBootMockServletContext : Initializing Spring TestDispatcherServlet ''
2024-09-16T02:30:41.770+02:00  INFO 2085 --- [    Test worker] o.s.t.web.servlet.TestDispatcherServlet  : Initializing Servlet ''
2024-09-16T02:30:41.771+02:00  INFO 2085 --- [    Test worker] o.s.t.web.servlet.TestDispatcherServlet  : Completed initialization in 1 ms
2024-09-16T02:30:41.806+02:00  INFO 2085 --- [    Test worker] c.e.c.i.OpenAiChatControllerTest         : Started OpenAiChatControllerTest in 5.318 seconds (process running for 6.385)
Updated or deleted conversations older than 0 hours at 2024-09-16T02:30:41.851201
Deleted closed conversations older than 30 days at 2024-09-16T02:30:41.854581
]]></system-out>
  <system-err><![CDATA[]]></system-err>
</testsuite>
